<?xml version="1.0" encoding="UTF-8"?>
<testsuite xmlns:xsi="http://www.w3.org/2001/XMLSchema-instance" xsi:noNamespaceSchemaLocation="https://maven.apache.org/surefire/maven-surefire-plugin/xsd/surefire-test-report-3.0.xsd" version="3.0" name="QueryTest" time="0.466" tests="27" errors="0" skipped="0" failures="0">
  <properties>
[...]
</properties>
  <testcase name="testCombinazioniDiFiltri(List, String, Set)[1]" classname="QueryTest" time="0.065"/>
  <testcase name="testCombinazioniDiFiltri(List, String, Set)[2]" classname="QueryTest" time="0.004"/>
  <testcase name="testCombinazioniDiFiltri(List, String, Set)[3]" classname="QueryTest" time="0.004"/>
  <testcase name="testCombinazioniDiFiltri(List, String, Set)[4]" classname="QueryTest" time="0.003"/>
  <testcase name="testCombinazioniDiFiltri(List, String, Set)[5]" classname="QueryTest" time="0.002"/>
  <testcase name="testCombinazioniDiFiltri(List, String, Set)[6]" classname="QueryTest" time="0.003"/>
  <testcase name="testCombinazioniDiFiltri(List, String, Set)[7]" classname="QueryTest" time="0.002"/>
  <testcase name="testCombinazioniDiFiltri(List, String, Set)[8]" classname="QueryTest" time="0.002"/>
  <testcase name="testCombinazioniDiFiltri(List, String, Set)[9]" classname="QueryTest" time="0.002"/>
  <testcase name="testCombinazioniDiFiltri(List, String, Set)[10]" classname="QueryTest" time="0.002"/>
  <testcase name="testCombinazioniDiFiltri(List, String, Set)[11]" classname="QueryTest" time="0.002"/>
  <testcase name="testCombinazioniDiFiltri(List, String, Set)[12]" classname="QueryTest" time="0.003"/>
  <testcase name="testCombinazioniDiFiltri(List, String, Set)[13]" classname="QueryTest" time="0.003"/>
  <testcase name="testCombinazioniDiFiltri(List, String, Set)[14]" classname="QueryTest" time="0.002"/>
  <testcase name="testCombinazioniDiFiltri(List, String, Set)[15]" classname="QueryTest" time="0.002"/>
  <testcase name="testCombinazioniDiFiltri(List, String, Set)[16]" classname="QueryTest" time="0.004"/>
  <testcase name="testCombinazioniDiFiltri(List, String, Set)[17]" classname="QueryTest" time="0.003"/>
  <testcase name="testCombinazioniDiFiltri(List, String, Set)[18]" classname="QueryTest" time="0.003"/>
  <testcase name="testCombinazioniDiFiltri(List, String, Set)[19]" classname="QueryTest" time="0.004"/>
  <testcase name="testCombinazioniDiFiltri(List, String, Set)[20]" classname="QueryTest" time="0.003"/>
  <testcase name="testCombinazioniDiFiltri(List, String, Set)[21]" classname="QueryTest" time="0.003"/>
  <testcase name="testCombinazioniDiFiltri(List, String, Set)[22]" classname="QueryTest" time="0.005"/>
  <testcase name="testCombinazioniDiFiltri(List, String, Set)[23]" classname="QueryTest" time="0.003"/>
  <testcase name="testCombinazioniDiFiltri(List, String, Set)[24]" classname="QueryTest" time="0.005"/>
  <testcase name="modifica" classname="QueryTest" time="0.051"/>
  <testcase name="inserisciEdElimina" classname="QueryTest" time="0.135"/>
  <testcase name="testLibriPresentiException" classname="QueryTest" time="0.012"/>
</testsuite>