<?xml version="1.0" encoding="UTF-8"?>
<testsuite xmlns:xsi="http://www.w3.org/2001/XMLSchema-instance" xsi:noNamespaceSchemaLocation="https://maven.apache.org/surefire/maven-surefire-plugin/xsd/surefire-test-report-3.0.xsd" version="3.0" name="GuiControllerTest" time="0.244" tests="3" errors="0" skipped="0" failures="0">
  <properties>
[...]
</properties>
  <testcase name="testMockGuiAggiunta_RimozioneLibro" classname="GuiControllerTest" time="0.191"/>
  <testcase name="ricercaPerTitoloConController" classname="GuiControllerTest" time="0.025"/>
  <testcase name="inserimentoLibroConController" classname="GuiControllerTest" time="0.014"/>
</testsuite>